2025-03-10 22:52:59 INFO  HV000001: Hibernate Validator 8.0.2.Final
2025-03-10 22:52:59 INFO  Starting ArtinusApplication using Java 21.0.3 with PID 12912 (/Users/dc-choi/dev/hiring/artinus/build/classes/java/main started by dc-choi in /Users/dc-choi/dev/hiring/artinus)
2025-03-10 22:52:59 INFO  No active profile set, falling back to 1 default profile: "default"
2025-03-10 22:52:59 INFO  Devtools property defaults active! Set 'spring.devtools.add-properties' to 'false' to disable
2025-03-10 22:52:59 INFO  For additional web related logging consider setting the 'logging.level.web' property to 'DEBUG'
2025-03-10 22:52:59 INFO  Bootstrapping Spring Data JPA repositories in DEFAULT mode.
2025-03-10 22:52:59 INFO  Finished Spring Data repository scanning in 4 ms. Found 0 JPA repository interfaces.
2025-03-10 22:52:59 INFO  Tomcat initialized with port 8080 (http)
2025-03-10 22:53:00 INFO  Initializing ProtocolHandler ["http-nio-8080"]
2025-03-10 22:53:00 INFO  Starting service [Tomcat]
2025-03-10 22:53:00 INFO  Starting Servlet engine: [Apache Tomcat/10.1.36]
2025-03-10 22:53:00 INFO  Initializing Spring embedded WebApplicationContext
2025-03-10 22:53:00 INFO  Root WebApplicationContext: initialization completed in 508 ms
2025-03-10 22:53:00 INFO  HHH000204: Processing PersistenceUnitInfo [name: default]
2025-03-10 22:53:00 INFO  HHH000412: Hibernate ORM core version 6.6.8.Final
2025-03-10 22:53:00 INFO  HHH000026: Second-level cache disabled
2025-03-10 22:53:00 INFO  No LoadTimeWeaver setup: ignoring JPA class transformer
2025-03-10 22:53:00 INFO  HikariPool-1 - Starting...
2025-03-10 22:53:00 INFO  HikariPool-1 - Added connection conn0: url=jdbc:h2:mem:demo_test user=ON_SECRET
2025-03-10 22:53:00 INFO  HikariPool-1 - Start completed.
2025-03-10 22:53:00 INFO  HHH10001005: Database info:
	Database JDBC URL [Connecting through datasource 'HikariDataSource (HikariPool-1)']
	Database driver: undefined/unknown
	Database version: 2.3.232
	Autocommit mode: undefined/unknown
	Isolation level: undefined/unknown
	Minimum pool size: undefined/unknown
	Maximum pool size: undefined/unknown
2025-03-10 22:53:00 INFO  HHH000489: No JTA platform available (set 'hibernate.transaction.jta.platform' to enable JTA platform integration)
2025-03-10 22:53:00 INFO  Initialized JPA EntityManagerFactory for persistence unit 'default'
2025-03-10 22:53:00 INFO  LiveReload server is running on port 35729
2025-03-10 22:53:00 INFO  Starting ProtocolHandler ["http-nio-8080"]
2025-03-10 22:53:00 INFO  Tomcat started on port 8080 (http) with context path '/'
2025-03-10 22:53:00 INFO  Started ArtinusApplication in 1.341 seconds (process running for 1.653)
2025-03-10 22:53:43 INFO  Commencing graceful shutdown. Waiting for active requests to complete
2025-03-10 22:53:43 INFO  Graceful shutdown complete
2025-03-10 22:53:43 INFO  Closing JPA EntityManagerFactory for persistence unit 'default'
2025-03-10 22:53:43 INFO  HikariPool-1 - Shutdown initiated...
2025-03-10 22:53:43 INFO  HikariPool-1 - Shutdown completed.
2025-03-10 22:53:44 INFO  HV000001: Hibernate Validator 8.0.2.Final
2025-03-10 22:53:44 INFO  Starting ArtinusApplication using Java 21.0.3 with PID 12950 (/Users/dc-choi/dev/hiring/artinus/build/classes/java/main started by dc-choi in /Users/dc-choi/dev/hiring/artinus)
2025-03-10 22:53:44 INFO  No active profile set, falling back to 1 default profile: "default"
2025-03-10 22:53:44 INFO  Devtools property defaults active! Set 'spring.devtools.add-properties' to 'false' to disable
2025-03-10 22:53:44 INFO  For additional web related logging consider setting the 'logging.level.web' property to 'DEBUG'
2025-03-10 22:53:45 INFO  Bootstrapping Spring Data JPA repositories in DEFAULT mode.
2025-03-10 22:53:45 INFO  Finished Spring Data repository scanning in 6 ms. Found 0 JPA repository interfaces.
2025-03-10 22:53:45 INFO  Tomcat initialized with port 8080 (http)
2025-03-10 22:53:45 INFO  Initializing ProtocolHandler ["http-nio-8080"]
2025-03-10 22:53:45 INFO  Starting service [Tomcat]
2025-03-10 22:53:45 INFO  Starting Servlet engine: [Apache Tomcat/10.1.36]
2025-03-10 22:53:45 INFO  Initializing Spring embedded WebApplicationContext
2025-03-10 22:53:45 INFO  Root WebApplicationContext: initialization completed in 464 ms
2025-03-10 22:53:45 INFO  HHH000204: Processing PersistenceUnitInfo [name: default]
2025-03-10 22:53:45 INFO  HHH000412: Hibernate ORM core version 6.6.8.Final
2025-03-10 22:53:45 INFO  HHH000026: Second-level cache disabled
2025-03-10 22:53:45 INFO  No LoadTimeWeaver setup: ignoring JPA class transformer
2025-03-10 22:53:45 INFO  HikariPool-1 - Starting...
2025-03-10 22:53:45 INFO  HikariPool-1 - Added connection conn0: url=jdbc:h2:mem:demo_test user=ROOT
2025-03-10 22:53:45 INFO  HikariPool-1 - Start completed.
2025-03-10 22:53:45 INFO  HHH10001005: Database info:
	Database JDBC URL [Connecting through datasource 'HikariDataSource (HikariPool-1)']
	Database driver: undefined/unknown
	Database version: 2.3.232
	Autocommit mode: undefined/unknown
	Isolation level: undefined/unknown
	Minimum pool size: undefined/unknown
	Maximum pool size: undefined/unknown
2025-03-10 22:53:45 INFO  HHH000489: No JTA platform available (set 'hibernate.transaction.jta.platform' to enable JTA platform integration)
2025-03-10 22:53:45 INFO  Initialized JPA EntityManagerFactory for persistence unit 'default'
2025-03-10 22:53:45 INFO  LiveReload server is running on port 35729
2025-03-10 22:53:45 INFO  Starting ProtocolHandler ["http-nio-8080"]
2025-03-10 22:53:45 INFO  Tomcat started on port 8080 (http) with context path '/'
2025-03-10 22:53:45 INFO  Started ArtinusApplication in 1.243 seconds (process running for 1.488)
2025-03-10 22:55:21 INFO  Commencing graceful shutdown. Waiting for active requests to complete
2025-03-10 22:55:21 INFO  Graceful shutdown complete
2025-03-10 22:55:21 INFO  Closing JPA EntityManagerFactory for persistence unit 'default'
2025-03-10 22:55:21 INFO  HikariPool-1 - Shutdown initiated...
2025-03-10 22:55:21 INFO  HikariPool-1 - Shutdown completed.
2025-03-10 23:10:33 INFO  HV000001: Hibernate Validator 8.0.2.Final
2025-03-10 23:10:33 INFO  Starting ArtinusApplication using Java 21.0.3 with PID 13306 (/Users/dc-choi/dev/hiring/artinus/build/classes/java/main started by dc-choi in /Users/dc-choi/dev/hiring/artinus)
2025-03-10 23:10:33 INFO  No active profile set, falling back to 1 default profile: "default"
2025-03-10 23:10:33 INFO  Devtools property defaults active! Set 'spring.devtools.add-properties' to 'false' to disable
2025-03-10 23:10:33 INFO  For additional web related logging consider setting the 'logging.level.web' property to 'DEBUG'
2025-03-10 23:10:33 INFO  Bootstrapping Spring Data JPA repositories in DEFAULT mode.
2025-03-10 23:10:33 INFO  Finished Spring Data repository scanning in 4 ms. Found 0 JPA repository interfaces.
2025-03-10 23:10:33 INFO  Tomcat initialized with port 8080 (http)
2025-03-10 23:10:33 INFO  Initializing ProtocolHandler ["http-nio-8080"]
2025-03-10 23:10:33 INFO  Starting service [Tomcat]
2025-03-10 23:10:33 INFO  Starting Servlet engine: [Apache Tomcat/10.1.36]
2025-03-10 23:10:33 INFO  Initializing Spring embedded WebApplicationContext
2025-03-10 23:10:33 INFO  Root WebApplicationContext: initialization completed in 431 ms
2025-03-10 23:10:33 INFO  HHH000204: Processing PersistenceUnitInfo [name: default]
2025-03-10 23:10:33 INFO  HHH000412: Hibernate ORM core version 6.6.8.Final
2025-03-10 23:10:33 INFO  HHH000026: Second-level cache disabled
2025-03-10 23:10:34 INFO  No LoadTimeWeaver setup: ignoring JPA class transformer
2025-03-10 23:10:34 INFO  HikariPool-1 - Starting...
2025-03-10 23:10:34 INFO  HikariPool-1 - Added connection conn0: url=jdbc:h2:mem:demo_test user=ROOT
2025-03-10 23:10:34 INFO  HikariPool-1 - Start completed.
2025-03-10 23:10:34 INFO  HHH10001005: Database info:
	Database JDBC URL [Connecting through datasource 'HikariDataSource (HikariPool-1)']
	Database driver: undefined/unknown
	Database version: 2.3.232
	Autocommit mode: undefined/unknown
	Isolation level: undefined/unknown
	Minimum pool size: undefined/unknown
	Maximum pool size: undefined/unknown
2025-03-10 23:10:34 INFO  HHH000489: No JTA platform available (set 'hibernate.transaction.jta.platform' to enable JTA platform integration)
2025-03-10 23:10:34 INFO  Initialized JPA EntityManagerFactory for persistence unit 'default'
2025-03-10 23:10:34 INFO  LiveReload server is running on port 35729
2025-03-10 23:10:34 INFO  Starting ProtocolHandler ["http-nio-8080"]
2025-03-10 23:10:34 INFO  Tomcat started on port 8080 (http) with context path '/'
2025-03-10 23:10:34 INFO  Started ArtinusApplication in 1.223 seconds (process running for 1.471)
2025-03-10 23:10:40 INFO  Commencing graceful shutdown. Waiting for active requests to complete
2025-03-10 23:10:40 INFO  Graceful shutdown complete
2025-03-10 23:10:40 INFO  Closing JPA EntityManagerFactory for persistence unit 'default'
2025-03-10 23:10:40 INFO  HikariPool-1 - Shutdown initiated...
2025-03-10 23:10:40 INFO  HikariPool-1 - Shutdown completed.
